1726243064.340788 client started (53678): version 3.4, socket /tmp/tmux-1000/default, protocol 8
1726243064.340806 on Linux 6.10.9-arch1-2 #1 SMP PREEMPT_DYNAMIC Tue, 10 Sep 2024 14:37:32 +0000
1726243064.340808 using libevent 2.1.12-stable poll
1726243064.340809 using ncurses 6.5 20240427
1726243064.340815 flags are 0x10010000
1726243064.340821 socket is /tmp/tmux-1000/default
1726243064.340828 trying connect
1726243064.340861 add peer 0x574d95bfab90: 6 ((nil))
1726243064.340989 sending message 100 to peer 0x574d95bfab90 (4 bytes)
1726243064.340992 sending message 111 to peer 0x574d95bfab90 (8 bytes)
1726243064.340994 sending message 101 to peer 0x574d95bfab90 (16 bytes)
1726243064.340996 sending message 109 to peer 0x574d95bfab90 (4 bytes)
1726243064.340998 sending message 102 to peer 0x574d95bfab90 (11 bytes)
1726243064.340999 sending message 108 to peer 0x574d95bfab90 (25 bytes)
1726243064.341000 sending message 112 to peer 0x574d95bfab90 (70 bytes)
1726243064.341001 sending message 112 to peer 0x574d95bfab90 (5 bytes)
1726243064.341002 sending message 112 to peer 0x574d95bfab90 (5 bytes)
1726243064.341003 sending message 112 to peer 0x574d95bfab90 (6 bytes)
1726243064.341004 sending message 112 to peer 0x574d95bfab90 (6 bytes)
1726243064.341005 sending message 112 to peer 0x574d95bfab90 (11 bytes)
1726243064.341006 sending message 112 to peer 0x574d95bfab90 (10 bytes)
1726243064.341007 sending message 112 to peer 0x574d95bfab90 (13 bytes)
1726243064.341008 sending message 112 to peer 0x574d95bfab90 (13 bytes)
1726243064.341009 sending message 112 to peer 0x574d95bfab90 (18 bytes)
1726243064.341010 sending message 112 to peer 0x574d95bfab90 (11 bytes)
1726243064.341011 sending message 112 to peer 0x574d95bfab90 (21 bytes)
1726243064.341012 sending message 112 to peer 0x574d95bfab90 (13 bytes)
1726243064.341013 sending message 112 to peer 0x574d95bfab90 (7 bytes)
1726243064.341014 sending message 112 to peer 0x574d95bfab90 (13 bytes)
1726243064.341015 sending message 112 to peer 0x574d95bfab90 (7 bytes)
1726243064.341016 sending message 112 to peer 0x574d95bfab90 (13 bytes)
1726243064.341017 sending message 112 to peer 0x574d95bfab90 (9 bytes)
1726243064.341018 sending message 112 to peer 0x574d95bfab90 (21 bytes)
1726243064.341019 sending message 112 to peer 0x574d95bfab90 (13 bytes)
1726243064.341021 sending message 112 to peer 0x574d95bfab90 (8 bytes)
1726243064.341022 sending message 112 to peer 0x574d95bfab90 (12 bytes)
1726243064.341023 sending message 112 to peer 0x574d95bfab90 (13 bytes)
1726243064.341024 sending message 112 to peer 0x574d95bfab90 (9 bytes)
1726243064.341025 sending message 112 to peer 0x574d95bfab90 (9 bytes)
1726243064.341026 sending message 112 to peer 0x574d95bfab90 (12 bytes)
1726243064.341027 sending message 112 to peer 0x574d95bfab90 (8 bytes)
1726243064.341028 sending message 112 to peer 0x574d95bfab90 (7 bytes)
1726243064.341029 sending message 112 to peer 0x574d95bfab90 (7 bytes)
1726243064.341030 sending message 112 to peer 0x574d95bfab90 (9 bytes)
1726243064.341031 sending message 112 to peer 0x574d95bfab90 (13 bytes)
1726243064.341032 sending message 112 to peer 0x574d95bfab90 (9 bytes)
1726243064.341033 sending message 112 to peer 0x574d95bfab90 (15 bytes)
1726243064.341034 sending message 112 to peer 0x574d95bfab90 (13 bytes)
1726243064.341035 sending message 112 to peer 0x574d95bfab90 (12 bytes)
1726243064.341036 sending message 112 to peer 0x574d95bfab90 (8 bytes)
1726243064.341037 sending message 112 to peer 0x574d95bfab90 (14 bytes)
1726243064.341038 sending message 112 to peer 0x574d95bfab90 (9 bytes)
1726243064.341039 sending message 112 to peer 0x574d95bfab90 (10 bytes)
1726243064.341040 sending message 112 to peer 0x574d95bfab90 (10 bytes)
1726243064.341041 sending message 112 to peer 0x574d95bfab90 (10 bytes)
1726243064.341042 sending message 112 to peer 0x574d95bfab90 (10 bytes)
1726243064.341043 sending message 112 to peer 0x574d95bfab90 (11 bytes)
1726243064.341044 sending message 112 to peer 0x574d95bfab90 (10 bytes)
1726243064.341045 sending message 112 to peer 0x574d95bfab90 (8 bytes)
1726243064.341050 sending message 112 to peer 0x574d95bfab90 (11 bytes)
1726243064.341051 sending message 112 to peer 0x574d95bfab90 (11 bytes)
1726243064.341052 sending message 112 to peer 0x574d95bfab90 (11 bytes)
1726243064.341053 sending message 112 to peer 0x574d95bfab90 (8 bytes)
1726243064.341054 sending message 112 to peer 0x574d95bfab90 (8 bytes)
1726243064.341055 sending message 112 to peer 0x574d95bfab90 (8 bytes)
1726243064.341056 sending message 112 to peer 0x574d95bfab90 (10 bytes)
1726243064.341057 sending message 112 to peer 0x574d95bfab90 (10 bytes)
1726243064.341058 sending message 112 to peer 0x574d95bfab90 (10 bytes)
1726243064.341059 sending message 112 to peer 0x574d95bfab90 (10 bytes)
1726243064.341060 sending message 112 to peer 0x574d95bfab90 (10 bytes)
1726243064.341061 sending message 112 to peer 0x574d95bfab90 (11 bytes)
1726243064.341062 sending message 112 to peer 0x574d95bfab90 (11 bytes)
1726243064.341063 sending message 112 to peer 0x574d95bfab90 (10 bytes)
1726243064.341064 sending message 112 to peer 0x574d95bfab90 (9 bytes)
1726243064.341065 sending message 112 to peer 0x574d95bfab90 (9 bytes)
1726243064.341066 sending message 112 to peer 0x574d95bfab90 (12 bytes)
1726243064.341067 sending message 112 to peer 0x574d95bfab90 (9 bytes)
1726243064.341068 sending message 112 to peer 0x574d95bfab90 (6 bytes)
1726243064.341069 sending message 112 to peer 0x574d95bfab90 (13 bytes)
1726243064.341070 sending message 112 to peer 0x574d95bfab90 (8 bytes)
1726243064.341071 sending message 112 to peer 0x574d95bfab90 (15 bytes)
1726243064.341072 sending message 112 to peer 0x574d95bfab90 (13 bytes)
1726243064.341073 sending message 112 to peer 0x574d95bfab90 (70 bytes)
1726243064.341074 sending message 112 to peer 0x574d95bfab90 (69 bytes)
1726243064.341075 sending message 112 to peer 0x574d95bfab90 (10 bytes)
1726243064.341076 sending message 112 to peer 0x574d95bfab90 (8 bytes)
1726243064.341078 sending message 112 to peer 0x574d95bfab90 (15 bytes)
1726243064.341079 sending message 112 to peer 0x574d95bfab90 (13 bytes)
1726243064.341080 sending message 112 to peer 0x574d95bfab90 (10 bytes)
1726243064.341081 sending message 112 to peer 0x574d95bfab90 (10 bytes)
1726243064.341082 sending message 112 to peer 0x574d95bfab90 (5 bytes)
1726243064.341083 sending message 112 to peer 0x574d95bfab90 (15 bytes)
1726243064.341084 sending message 104 to peer 0x574d95bfab90 (0 bytes)
1726243064.341085 sending message 110 to peer 0x574d95bfab90 (0 bytes)
1726243064.341086 sending message 107 to peer 0x574d95bfab90 (4 bytes)
1726243064.341087 sending message 105 to peer 0x574d95bfab90 (39 bytes)
1726243064.341089 sending message 105 to peer 0x574d95bfab90 (56 bytes)
1726243064.341090 sending message 105 to peer 0x574d95bfab90 (29 bytes)
1726243064.341091 sending message 105 to peer 0x574d95bfab90 (20 bytes)
1726243064.341092 sending message 105 to peer 0x574d95bfab90 (20 bytes)
1726243064.341093 sending message 105 to peer 0x574d95bfab90 (54 bytes)
1726243064.341094 sending message 105 to peer 0x574d95bfab90 (50 bytes)
1726243064.341095 sending message 105 to peer 0x574d95bfab90 (23 bytes)
1726243064.341096 sending message 105 to peer 0x574d95bfab90 (11 bytes)
1726243064.341097 sending message 105 to peer 0x574d95bfab90 (62 bytes)
1726243064.341098 sending message 105 to peer 0x574d95bfab90 (22 bytes)
1726243064.341099 sending message 105 to peer 0x574d95bfab90 (86 bytes)
1726243064.341100 sending message 105 to peer 0x574d95bfab90 (73 bytes)
1726243064.341101 sending message 105 to peer 0x574d95bfab90 (15 bytes)
1726243064.341102 sending message 105 to peer 0x574d95bfab90 (17 bytes)
1726243064.341103 sending message 105 to peer 0x574d95bfab90 (43 bytes)
1726243064.341104 sending message 105 to peer 0x574d95bfab90 (47 bytes)
1726243064.341105 sending message 105 to peer 0x574d95bfab90 (23 bytes)
1726243064.341106 sending message 105 to peer 0x574d95bfab90 (28 bytes)
1726243064.341107 sending message 105 to peer 0x574d95bfab90 (22 bytes)
1726243064.341108 sending message 105 to peer 0x574d95bfab90 (21 bytes)
1726243064.341111 sending message 105 to peer 0x574d95bfab90 (22 bytes)
1726243064.341112 sending message 105 to peer 0x574d95bfab90 (13 bytes)
1726243064.341113 sending message 105 to peer 0x574d95bfab90 (17 bytes)
1726243064.341115 sending message 105 to peer 0x574d95bfab90 (23 bytes)
1726243064.341116 sending message 105 to peer 0x574d95bfab90 (27 bytes)
1726243064.341117 sending message 105 to peer 0x574d95bfab90 (24 bytes)
1726243064.341118 sending message 105 to peer 0x574d95bfab90 (20 bytes)
1726243064.341119 sending message 105 to peer 0x574d95bfab90 (23 bytes)
1726243064.341120 sending message 105 to peer 0x574d95bfab90 (21 bytes)
1726243064.341121 sending message 105 to peer 0x574d95bfab90 (25 bytes)
1726243064.341122 sending message 105 to peer 0x574d95bfab90 (20 bytes)
1726243064.341123 sending message 105 to peer 0x574d95bfab90 (14 bytes)
1726243064.341124 sending message 105 to peer 0x574d95bfab90 (28 bytes)
1726243064.341125 sending message 105 to peer 0x574d95bfab90 (81 bytes)
1726243064.341126 sending message 105 to peer 0x574d95bfab90 (27 bytes)
1726243064.341127 sending message 105 to peer 0x574d95bfab90 (16 bytes)
1726243064.341128 sending message 105 to peer 0x574d95bfab90 (20 bytes)
1726243064.341129 sending message 105 to peer 0x574d95bfab90 (139 bytes)
1726243064.341130 sending message 105 to peer 0x574d95bfab90 (51 bytes)
1726243064.341131 sending message 105 to peer 0x574d95bfab90 (15 bytes)
1726243064.341132 sending message 105 to peer 0x574d95bfab90 (38 bytes)
1726243064.341133 sending message 105 to peer 0x574d95bfab90 (27 bytes)
1726243064.341134 sending message 105 to peer 0x574d95bfab90 (32 bytes)
1726243064.341135 sending message 105 to peer 0x574d95bfab90 (183 bytes)
1726243064.341136 sending message 105 to peer 0x574d95bfab90 (29 bytes)
1726243064.341137 sending message 105 to peer 0x574d95bfab90 (30 bytes)
1726243064.341138 sending message 105 to peer 0x574d95bfab90 (23 bytes)
1726243064.341139 sending message 105 to peer 0x574d95bfab90 (76 bytes)
1726243064.341140 sending message 105 to peer 0x574d95bfab90 (15 bytes)
1726243064.341142 sending message 105 to peer 0x574d95bfab90 (8 bytes)
1726243064.341143 sending message 105 to peer 0x574d95bfab90 (22 bytes)
1726243064.341144 sending message 105 to peer 0x574d95bfab90 (21 bytes)
1726243064.341145 sending message 105 to peer 0x574d95bfab90 (18 bytes)
1726243064.341146 sending message 105 to peer 0x574d95bfab90 (25 bytes)
1726243064.341147 sending message 105 to peer 0x574d95bfab90 (36 bytes)
1726243064.341148 sending message 105 to peer 0x574d95bfab90 (13 bytes)
1726243064.341149 sending message 105 to peer 0x574d95bfab90 (11 bytes)
1726243064.341150 sending message 105 to peer 0x574d95bfab90 (18 bytes)
1726243064.341151 sending message 105 to peer 0x574d95bfab90 (13 bytes)
1726243064.341152 sending message 105 to peer 0x574d95bfab90 (27 bytes)
1726243064.341153 sending message 105 to peer 0x574d95bfab90 (35 bytes)
1726243064.341154 sending message 105 to peer 0x574d95bfab90 (57 bytes)
1726243064.341155 sending message 105 to peer 0x574d95bfab90 (24 bytes)
1726243064.341156 sending message 105 to peer 0x574d95bfab90 (24 bytes)
1726243064.341157 sending message 105 to peer 0x574d95bfab90 (31 bytes)
1726243064.341158 sending message 105 to peer 0x574d95bfab90 (15 bytes)
1726243064.341159 sending message 105 to peer 0x574d95bfab90 (23 bytes)
1726243064.341160 sending message 105 to peer 0x574d95bfab90 (17 bytes)
1726243064.341161 sending message 105 to peer 0x574d95bfab90 (21 bytes)
1726243064.341162 sending message 105 to peer 0x574d95bfab90 (11 bytes)
1726243064.341163 sending message 105 to peer 0x574d95bfab90 (32 bytes)
1726243064.341164 sending message 105 to peer 0x574d95bfab90 (12 bytes)
1726243064.341165 sending message 105 to peer 0x574d95bfab90 (118 bytes)
1726243064.341166 sending message 105 to peer 0x574d95bfab90 (13 bytes)
1726243064.341167 sending message 106 to peer 0x574d95bfab90 (0 bytes)
1726243064.341182 sending message 200 to peer 0x574d95bfab90 (4 bytes)
1726243064.341184 client loop enter
1726243064.341346 peer 0x574d95bfab90 message 303
1726243064.341351 open write file 2 -
1726243064.341354 sending message 305 to peer 0x574d95bfab90 (8 bytes)
1726243064.341358 write check file 2
1726243064.341390 peer 0x574d95bfab90 message 304
1726243064.341391 write 58 to file 2
1726243064.341393 peer 0x574d95bfab90 message 203
1726243064.341394 file 2 58 bytes left
1726243064.341399 write check file 2
1726243064.341400 client loop exit
