

times in msec
 clock   self+sourced   self:  sourced script
 clock   elapsed:              other lines

000.010  000.010: --- NVIM STARTING ---
000.116  000.106: event init
000.223  000.106: early init
000.289  000.067: locale set
000.324  000.035: init first window
000.653  000.328: inits 1
000.664  000.011: window checked
000.667  000.004: parsing arguments
001.183  000.080  000.080: require('vim.shared')
001.306  000.046  000.046: require('vim._meta')
001.309  000.122  000.077: require('vim._editor')
001.310  000.241  000.039: require('vim._init_packages')
001.312  000.404: init lua interpreter
001.368  000.056: expanding arguments
001.440  000.072: inits 2
001.741  000.301: init highlight
001.742  000.002: waiting for UI
003.461  001.718: done waiting for UI
003.480  000.019: init screen for UI
003.635  000.155: init default mappings
003.651  000.015: init default autocommands
004.363  000.071  000.071: sourcing /usr/share/nvim/runtime/ftplugin.vim
004.426  000.032  000.032: sourcing /usr/share/nvim/runtime/indent.vim
006.294  001.768  001.768: sourcing /home/shket/.local/share/nvim/site/autoload/plug.vim
015.541  000.014  000.014: sourcing /home/shket/.local/share/nvim/plugin/LuaSnip/ftdetect/snippets.vim
016.106  000.840  000.826: sourcing /usr/share/nvim/runtime/filetype.lua
016.140  000.015  000.015: sourcing /usr/share/nvim/runtime/filetype.vim
016.378  000.008  000.008: sourcing /usr/share/nvim/runtime/ftplugin.vim
016.578  000.007  000.007: sourcing /usr/share/nvim/runtime/indent.vim
016.929  000.096  000.096: sourcing /usr/share/nvim/runtime/syntax/synload.vim
017.020  000.375  000.279: sourcing /usr/share/nvim/runtime/syntax/syntax.vim
018.238  000.064  000.064: require('cmp.utils.debug')
018.610  000.171  000.171: require('cmp.utils.char')
018.622  000.381  000.209: require('cmp.utils.str')
018.698  000.073  000.073: require('cmp.utils.pattern')
019.389  000.242  000.242: require('cmp.utils.misc')
019.453  000.060  000.060: require('cmp.utils.buffer')
019.561  000.106  000.106: require('cmp.utils.api')
019.567  000.751  000.343: require('cmp.utils.keymap')
019.572  000.872  000.121: require('cmp.utils.feedkeys')
019.709  000.136  000.136: require('cmp.utils.async')
019.935  000.065  000.065: require('cmp.types.cmp')
020.110  000.172  000.172: require('cmp.types.lsp')
020.154  000.042  000.042: require('cmp.types.vim')
020.156  000.333  000.055: require('cmp.types')
020.226  000.068  000.068: require('cmp.utils.cache')
020.230  000.518  000.116: require('cmp.context')
020.953  000.178  000.178: require('cmp.config.mapping')
021.318  000.243  000.243: require('cmp.config.compare')
021.321  000.364  000.121: require('cmp.config.default')
021.334  000.775  000.233: require('cmp.config')
022.165  000.289  000.289: require('cmp.matcher')
022.173  000.838  000.549: require('cmp.entry')
022.181  001.950  000.336: require('cmp.source')
022.507  000.081  000.081: require('cmp.utils.event')
023.039  000.324  000.324: require('cmp.utils.window')
023.044  000.534  000.210: require('cmp.view.docs_view')
023.619  000.097  000.097: require('cmp.utils.autocmd')
023.631  000.586  000.489: require('cmp.view.custom_entries_view')
023.944  000.310  000.310: require('cmp.view.wildmenu_entries_view')
024.244  000.298  000.298: require('cmp.view.native_entries_view')
024.443  000.196  000.196: require('cmp.view.ghost_text_view')
024.460  002.277  000.271: require('cmp.view')
024.497  006.918  000.648: require('cmp.core')
024.654  000.060  000.060: require('cmp.config.sources')
024.714  000.058  000.058: require('cmp.config.window')
024.764  007.546  000.511: require('cmp')
026.475  000.092  000.092: require('luasnip.session')
026.939  000.461  000.461: require('luasnip.util.util')
027.028  000.086  000.086: require('luasnip.util.types')
027.350  000.155  000.155: require('luasnip.util.ext_opts')
027.354  000.324  000.169: require('luasnip.nodes.util')
027.443  000.087  000.087: require('luasnip.util.events')
027.455  001.354  000.304: require('luasnip.nodes.node')
027.801  000.109  000.109: require('luasnip.util.extend_decorator')
027.847  000.391  000.282: require('luasnip.nodes.insertNode')
028.031  000.181  000.181: require('luasnip.nodes.textNode')
028.219  000.186  000.186: require('luasnip.util.mark')
029.052  000.645  000.645: require('luasnip.util._builtin_vars')
029.150  000.093  000.093: require('vim.inspect')
029.219  000.997  000.259: require('luasnip.util.environ')
029.425  000.204  000.204: require('luasnip.util.pattern_tokenizer')
029.548  000.120  000.120: require('luasnip.util.dict')
029.846  000.296  000.296: require('luasnip.session.snippet_collection')
029.992  004.641  000.912: require('luasnip.nodes.snippet')
030.291  000.101  000.101: require('luasnip.loaders._caches')
030.507  000.213  000.213: require('luasnip.util.path')
030.538  000.543  000.229: require('luasnip.loaders')
030.818  000.272  000.272: require('luasnip.util.log')
031.089  000.249  000.249: require('luasnip.nodes.functionNode')
031.564  000.471  000.471: require('luasnip.nodes.choiceNode')
031.941  000.374  000.374: require('luasnip.nodes.dynamicNode')
032.271  000.327  000.327: require('luasnip.nodes.restoreNode')
033.237  000.291  000.291: require('luasnip.util.parser.neovim_ast')
034.317  000.193  000.193: require('luasnip.util.directed_graph')
034.326  001.867  001.383: require('luasnip.util.parser.ast_utils')
034.688  000.102  000.102: require('luasnip.util.functions')
034.693  000.365  000.263: require('luasnip.util.parser.ast_parser')
035.048  000.352  000.352: require('luasnip.util.parser.neovim_parser')
035.196  000.145  000.145: require('luasnip.util.str')
035.201  002.926  000.196: require('luasnip.util.parser')
037.353  000.192  000.192: require('vim.treesitter.language')
037.363  000.730  000.539: require('vim.treesitter.query')
037.834  000.469  000.469: require('vim.treesitter.languagetree')
037.855  001.591  000.392: require('vim.treesitter')
037.992  002.448  000.857: require('nvim-treesitter.parsers')
038.674  000.258  000.258: require('nvim-treesitter.utils')
038.680  000.686  000.427: require('nvim-treesitter.ts_utils')
038.683  003.261  000.127: require('luasnip.extras.filetype_functions')
038.801  000.093  000.093: require('luasnip.nodes.absolute_indexer')
039.006  000.203  000.203: require('luasnip.extras')
039.222  000.213  000.213: require('luasnip.extras.fmt')
039.483  000.107  000.107: require('luasnip.extras.conditions')
039.566  000.081  000.081: require('luasnip.extras.conditions.show')
039.570  000.274  000.086: require('luasnip.extras.conditions.expand')
039.572  000.347  000.074: require('luasnip.extras.expand_conditions')
039.700  000.126  000.126: require('luasnip.extras.postfix')
040.121  004.918  000.676: require('luasnip.config')
040.126  015.360  000.638: require('luasnip')
041.741  000.207  000.207: require('luasnip.loaders.util')
041.888  000.143  000.143: require('luasnip.nodes.snippetProxy')
041.902  000.680  000.330: require('luasnip.loaders.from_vscode')
051.115  034.001  010.415: require('shket.cmp')
052.637  000.007  000.007: require('vim.F')
052.685  001.383  001.376: require('vim.diagnostic')
055.937  000.350  000.350: require('vim.lsp.log')
056.945  001.004  001.004: require('vim.lsp.protocol')
059.420  000.666  000.666: require('vim.lsp._snippet')
059.735  000.311  000.311: require('vim.highlight')
059.765  002.816  001.839: require('vim.lsp.util')
059.797  004.816  000.646: require('vim.lsp.handlers')
060.600  000.801  000.801: require('vim.lsp.rpc')
061.021  000.417  000.417: require('vim.lsp.sync')
061.981  000.956  000.956: require('vim.lsp.buf')
062.364  000.380  000.380: require('vim.lsp.diagnostic')
062.806  000.439  000.439: require('vim.lsp.codelens')
062.941  009.472  001.662: require('vim.lsp')
063.006  009.942  000.470: require('lspconfig.util')
063.016  010.245  000.303: require('lspconfig.configs')
063.020  010.330  000.084: require('lspconfig')
063.148  000.123  000.123: require('lspconfig.server_configurations.pyright')
063.667  000.170  000.170: require('cmp_nvim_lsp.source')
063.671  000.364  000.194: require('cmp_nvim_lsp')
064.132  000.129  000.129: require('lspconfig.server_configurations.clangd')
064.561  000.099  000.099: require('lspconfig.server_configurations.bashls')
064.829  000.094  000.094: require('lspconfig.server_configurations.html')
065.224  000.096  000.096: require('lspconfig.server_configurations.cssls')
065.421  000.098  000.098: require('lspconfig.server_configurations.tsserver')
065.607  000.089  000.089: require('lspconfig.server_configurations.jsonls')
065.945  000.191  000.191: require('lspconfig.server_configurations.texlab')
066.254  000.076  000.076: require('lspconfig.server_configurations.sqls')
066.513  000.118  000.118: require('lspconfig.server_configurations.sumneko_lua')
066.740  015.616  002.427: require('shket.lsp')
067.954  000.667  000.667: require('null-ls.utils')
068.013  000.996  000.330: require('null-ls.config')
068.217  000.099  000.099: require('null-ls.helpers.cache')
068.953  000.733  000.733: require('null-ls.helpers.diagnostics')
069.101  000.146  000.146: require('null-ls.helpers.formatter_factory')
070.015  000.148  000.148: require('null-ls.logger')
070.130  000.112  000.112: require('null-ls.state')
070.134  001.030  000.770: require('null-ls.helpers.generator_factory')
070.381  000.116  000.116: require('null-ls.helpers.command_resolver')
070.384  000.248  000.133: require('null-ls.helpers.make_builtin')
070.481  000.095  000.095: require('null-ls.helpers.range_formatting_args_factory')
070.484  002.468  000.116: require('null-ls.helpers')
071.088  000.109  000.109: require('null-ls.methods')
071.093  000.318  000.209: require('null-ls.diagnostics')
071.100  000.615  000.296: require('null-ls.sources')
071.186  000.082  000.082: require('null-ls.builtins')
071.189  004.346  000.186: require('null-ls')
071.307  000.115  000.115: require('null-ls.builtins.formatting.prettier')
071.431  000.081  000.081: require('null-ls.builtins.formatting.black')
071.523  000.079  000.079: require('null-ls.builtins.formatting.lua_format')
071.601  000.067  000.067: require('null-ls.builtins.formatting.djhtml')
071.682  000.078  000.078: require('null-ls.builtins.formatting.clang_format')
072.315  000.243  000.243: require('null-ls.client')
072.358  005.614  000.605: require('shket.null-ls')
073.545  000.237  000.237: require('nvim-treesitter.tsrange')
073.691  000.142  000.142: require('nvim-treesitter.caching')
073.703  000.776  000.398: require('nvim-treesitter.query')
073.718  001.290  000.514: require('nvim-treesitter.configs')
074.658  000.251  000.251: require('nvim-treesitter.info')
074.957  000.296  000.296: require('nvim-treesitter.shell_command_selectors')
074.987  001.235  000.688: require('nvim-treesitter.install')
101.473  029.113  026.588: require('shket.treesitter')
101.879  000.126  000.126: require('telescope._extensions')
101.884  000.301  000.175: require('telescope')
104.367  000.236  000.236: require('plenary.bit')
104.446  000.075  000.075: require('plenary.functional')
104.481  000.023  000.023: require('ffi')
104.496  001.040  000.706: require('plenary.path')
104.504  001.223  000.183: require('plenary.strings')
104.601  000.095  000.095: require('telescope.deprecated')
105.409  000.232  000.232: require('plenary.log')
105.464  000.376  000.144: require('telescope.log')
106.441  000.464  000.464: require('plenary.job')
106.552  000.107  000.107: require('telescope.state')
106.561  001.094  000.523: require('telescope.utils')
106.567  001.964  000.494: require('telescope.sorters')
108.758  005.857  002.575: require('telescope.config')
109.357  000.237  000.237: require('plenary.window.border')
109.415  000.054  000.054: require('plenary.window')
109.482  000.064  000.064: require('plenary.popup.utils')
109.489  000.726  000.370: require('plenary.popup')
109.675  000.184  000.184: require('telescope.pickers.scroller')
109.811  000.133  000.133: require('telescope.actions.state')
109.984  000.171  000.171: require('telescope.actions.utils')
110.447  000.224  000.224: require('telescope.actions.mt')
110.465  000.479  000.254: require('telescope.actions.set')
110.870  000.217  000.217: require('telescope.config.resolve')
110.874  000.407  000.190: require('telescope.pickers.entry_display')
111.011  000.112  000.112: require('telescope.from_entry')
111.250  009.365  001.296: require('telescope.actions')
113.108  000.308  000.308: require('fzf_lib')
113.121  000.646  000.337: require('telescope._extensions.fzf')
113.134  011.655  001.343: require('shket.telescope')
114.220  000.251  000.251: require('lualine_require')
114.691  001.477  001.226: require('lualine')
116.604  000.635  000.635: require('lualine.highlight')
118.368  000.192  000.192: require('lualine.utils.mode')
121.176  008.039  005.735: require('shket.lualine')
123.571  000.514  000.514: require('nvim-tree.notify')
123.600  000.747  000.232: require('nvim-tree.events')
124.170  000.155  000.155: require('nvim-tree.log')
124.890  000.169  000.169: require('nvim-tree.iterators.node-iterator')
124.939  000.766  000.598: require('nvim-tree.utils')
125.146  000.204  000.204: require('nvim-tree.git.utils')
125.420  000.272  000.272: require('nvim-tree.git.runner')
125.671  000.248  000.248: require('nvim-tree.watcher')
125.679  001.923  000.278: require('nvim-tree.git')
125.850  000.169  000.169: require('nvim-tree.explorer.watch')
126.006  000.154  000.154: require('nvim-tree.explorer.common')
126.375  000.183  000.183: require('nvim-tree.explorer.node-builders')
126.636  000.259  000.259: require('nvim-tree.explorer.sorters')
126.857  000.218  000.218: require('nvim-tree.explorer.filters')
127.743  000.625  000.625: require('nvim-tree.view')
127.750  000.890  000.265: require('nvim-tree.live-filter')
127.754  001.745  000.195: require('nvim-tree.explorer.explore')
128.018  000.260  000.260: require('nvim-tree.explorer.reload')
128.024  004.422  000.170: require('nvim-tree.explorer')
128.027  005.278  000.109: require('nvim-tree.core')
128.280  000.251  000.251: require('nvim-tree.diagnostics')
128.485  000.203  000.203: require('nvim-tree.renderer.components.padding')
128.915  000.427  000.427: require('nvim-tree.renderer.components.icons')
129.292  000.375  000.375: require('nvim-tree.renderer.components.full-name')
129.572  000.277  000.277: require('nvim-tree.renderer.help')
130.151  000.576  000.576: require('nvim-tree.renderer.components.git')
130.976  000.823  000.823: require('nvim-tree.renderer.builder')
131.441  000.461  000.461: require('nvim-tree.marks')
131.493  008.954  000.284: require('nvim-tree.renderer')
131.848  000.262  000.262: require('nvim-tree.actions.tree-modifiers.collapse-all')
131.997  000.147  000.147: require('nvim-tree.actions.root.dir-up')
132.530  000.530  000.530: require('nvim-tree.actions.root.change-dir')
133.098  000.566  000.566: require('nvim-tree.actions.reloaders.reloaders')
133.500  000.399  000.399: require('nvim-tree.actions.finders.find-file')
133.504  011.220  000.361: require('nvim-tree.lib')
134.168  000.662  000.662: require('nvim-tree.colors')
134.410  000.239  000.239: require('nvim-tree.legacy')
135.211  000.799  000.799: require('nvim-tree.actions.fs.copy-paste')
136.101  000.255  000.255: require('nvim-tree.actions.tree-modifiers.expand-all')
136.209  000.105  000.105: require('nvim-tree.actions.tree-modifiers.toggles')
136.393  000.181  000.181: require('nvim-tree.actions.fs.create-file')
136.522  000.127  000.127: require('nvim-tree.actions.fs.rename-file')
136.726  000.202  000.202: require('nvim-tree.actions.fs.trash')
136.910  000.182  000.182: require('nvim-tree.actions.fs.remove-file')
137.028  000.115  000.115: require('nvim-tree.actions.moves.parent')
137.144  000.113  000.113: require('nvim-tree.actions.moves.sibling')
137.263  000.117  000.117: require('nvim-tree.actions.moves.item')
137.412  000.143  000.143: require('nvim-tree.actions.finders.search-node')
137.506  000.092  000.092: require('nvim-tree.actions.node.run-command')
137.650  000.142  000.142: require('nvim-tree.actions.node.file-popup')
137.806  000.154  000.154: require('nvim-tree.actions.node.system-open')
137.929  000.121  000.121: require('nvim-tree.marks.bulk-move')
137.933  002.691  000.643: require('nvim-tree.actions.dispatch')
137.961  016.669  001.058: require('nvim-tree')
140.193  000.400  000.400: require('nvim-tree.actions')
140.534  000.335  000.335: require('nvim-tree.actions.node.open-file')
142.634  000.156  000.156: require('nvim-tree.marks.navigation')
142.640  000.495  000.339: require('nvim-tree.api')
142.653  000.787  000.292: require('nvim-tree.keymap')
143.630  022.450  004.260: require('shket.nvim-tree')
143.694  000.009  000.009: require('vim.keymap')
144.301  000.524  000.524: require('aerial')
144.438  000.803  000.269: require('shket.aerial')
144.660  000.173  000.173: require('Comment')
144.796  000.133  000.133: require('Comment.config')
145.709  000.308  000.308: require('Comment.ft')
145.716  000.652  000.343: require('Comment.utils')
145.955  000.237  000.237: require('Comment.opfunc')
146.122  000.165  000.165: require('Comment.extra')
146.126  001.260  000.206: require('Comment.api')
146.293  001.853  000.287: require('shket.comment')
147.111  000.117  000.117: require('nvim-autopairs._log')
147.377  000.262  000.262: require('nvim-autopairs.utils')
148.181  000.370  000.370: require('nvim-autopairs.conds')
148.189  000.626  000.255: require('nvim-autopairs.rule')
148.192  000.812  000.187: require('nvim-autopairs.rules.basic')
148.203  001.847  000.656: require('nvim-autopairs')
148.955  000.281  000.281: require('nvim-autopairs.ts-conds')
148.959  000.422  000.140: require('nvim-autopairs.rules.ts_basic')
149.381  000.420  000.420: require('vim.treesitter.highlighter')
151.075  000.115  000.115: require('nvim-ts-autotag._log')
151.082  000.261  000.146: require('nvim-ts-autotag.utils')
151.096  000.717  000.456: require('nvim-ts-autotag.internal')
151.098  000.883  000.166: require('nvim-ts-autotag')
151.132  004.836  001.265: require('shket.autopairs')
152.516  000.662  000.662: require('nvim-surround.config')
152.524  000.961  000.299: require('nvim-surround.buffer')
152.644  000.118  000.118: require('nvim-surround.cache')
152.832  000.185  000.185: require('nvim-surround.utils')
152.837  001.662  000.397: require('nvim-surround')
153.648  002.514  000.852: require('shket.surround')
154.547  000.840  000.840: require('mini.indentscope')
154.892  001.240  000.400: require('shket.mini')
155.451  000.146  000.146: require('auto-save.config')
155.571  000.117  000.117: require('auto-save.utils.data')
155.745  000.171  000.171: require('auto-save.utils.colors')
155.865  000.117  000.117: require('auto-save.utils.echo')
155.874  000.895  000.343: require('auto-save')
155.927  001.032  000.137: require('shket.auto-save')
156.413  000.211  000.211: require('rose-pine.util')
156.418  000.464  000.253: require('rose-pine')
156.428  000.499  000.036: require('shket.colors')
156.449  000.019  000.019: require('shket.specific')
156.452  139.401  000.117: require('shket')
156.459  151.962  009.549: sourcing /home/shket/.config/nvim/init.vim
156.464  000.748: sourcing vimrc file(s)
157.009  000.091  000.091: sourcing /home/shket/.config/nvim/plugin/autocmd.vim
158.666  000.788  000.788: require('rose-pine.theme')
158.865  000.196  000.196: require('rose-pine.palette')
161.534  003.708  002.724: sourcing /home/shket/.local/share/nvim/plugin/neovim/colors/rose-pine.lua
164.068  007.041  003.334: sourcing /home/shket/.config/nvim/plugin/colors.vim
164.154  000.062  000.062: sourcing /home/shket/.config/nvim/plugin/jupyter.vim
164.476  000.305  000.305: sourcing /home/shket/.config/nvim/plugin/keymap.vim
164.639  000.141  000.141: sourcing /home/shket/.config/nvim/plugin/markdown.vim
164.875  000.123  000.123: sourcing /usr/share/nvim/runtime/syntax/nosyntax.vim
165.164  000.094  000.094: sourcing /usr/share/nvim/runtime/syntax/synload.vim
165.292  000.577  000.360: sourcing /usr/share/nvim/runtime/syntax/syntax.vim
165.820  000.084  000.084: sourcing /usr/share/nvim/runtime/keymap/russian-jcukenwin.vim
166.025  001.369  000.708: sourcing /home/shket/.config/nvim/plugin/option.vim
166.163  000.038  000.038: sourcing /home/shket/.local/share/nvim/plugin/plenary.nvim/plugin/plenary.vim
166.616  000.207  000.207: sourcing /home/shket/.local/share/nvim/plugin/LuaSnip/plugin/luasnip.vim
166.962  000.224  000.224: sourcing /home/shket/.local/share/nvim/plugin/jupytext.vim/plugin/jupytext.vim
167.048  000.022  000.022: sourcing /home/shket/.local/share/nvim/plugin/firenvim/plugin/firenvim.vim
168.021  000.847  000.847: sourcing /home/shket/.local/share/nvim/plugin/vim-xkbswitch/plugin/xkbswitch.vim
168.563  000.170  000.170: require('nvim-treesitter.statusline')
168.872  000.305  000.305: require('nvim-treesitter.query_predicates')
168.876  000.668  000.192: require('nvim-treesitter')
168.882  000.690  000.022: sourcing /home/shket/.local/share/nvim/plugin/nvim-ts-autotag/plugin/nvim-ts-autotag.vim
169.236  000.214  000.214: require('nvim-treesitter-textobjects')
169.871  000.293  000.293: require('nvim-treesitter.textobjects.shared')
169.876  000.606  000.313: require('nvim-treesitter.textobjects.select')
170.290  000.182  000.182: require('nvim-treesitter.textobjects.attach')
170.296  000.395  000.213: require('nvim-treesitter.textobjects.move')
170.571  000.174  000.174: require('nvim-treesitter.textobjects.swap')
170.873  000.244  000.244: require('nvim-treesitter.textobjects.lsp_interop')
170.892  001.882  000.249: sourcing /home/shket/.local/share/nvim/plugin/nvim-treesitter-textobjects/plugin/nvim-treesitter-textobjects.vim
171.835  000.859  000.859: require('treesitter-context')
171.840  000.875  000.015: sourcing /home/shket/.local/share/nvim/plugin/nvim-treesitter-context/plugin/treesitter-context.vim
172.000  000.027  000.027: sourcing /home/shket/.local/share/nvim/plugin/nightfox.nvim/plugin/nightfox.vim
172.579  000.187  000.187: sourcing /usr/share/nvim/runtime/plugin/gzip.vim
172.607  000.011  000.011: sourcing /usr/share/nvim/runtime/plugin/health.vim
173.417  000.218  000.218: sourcing /usr/share/nvim/runtime/pack/dist/opt/matchit/plugin/matchit.vim
173.533  000.915  000.696: sourcing /usr/share/nvim/runtime/plugin/matchit.vim
173.705  000.158  000.158: sourcing /usr/share/nvim/runtime/plugin/matchparen.vim
174.162  000.439  000.439: sourcing /usr/share/nvim/runtime/plugin/netrwPlugin.vim
175.555  000.215  000.215: sourcing /usr/share/nvim/runtime/autoload/remote/host.vim
176.060  000.202  000.202: sourcing /usr/share/nvim/runtime/autoload/remote/define.vim
178.435  004.097  003.680: sourcing /home/shket/.local/share/nvim/rplugin.vim
178.444  004.258  000.161: sourcing /usr/share/nvim/runtime/plugin/rplugin.vim
178.545  000.071  000.071: sourcing /usr/share/nvim/runtime/plugin/shada.vim
178.593  000.024  000.024: sourcing /usr/share/nvim/runtime/plugin/spellfile.vim
178.734  000.122  000.122: sourcing /usr/share/nvim/runtime/plugin/tarPlugin.vim
178.863  000.093  000.093: sourcing /usr/share/nvim/runtime/plugin/tohtml.vim
178.898  000.017  000.017: sourcing /usr/share/nvim/runtime/plugin/tutor.vim
179.092  000.172  000.172: sourcing /usr/share/nvim/runtime/plugin/zipPlugin.vim
179.575  000.236  000.236: sourcing /home/shket/.local/share/nvim/plugin/nvim-lspconfig/plugin/lspconfig.lua
179.853  000.107  000.107: require('cmp.utils.highlight')
180.300  000.656  000.550: sourcing /home/shket/.local/share/nvim/plugin/nvim-cmp/plugin/cmp.lua
180.929  000.367  000.367: sourcing /home/shket/.local/share/nvim/plugin/telescope.nvim/plugin/telescope.lua
181.234  000.176  000.176: sourcing /home/shket/.local/share/nvim/plugin/Comment.nvim/plugin/Comment.lua
181.337  000.032  000.032: sourcing /home/shket/.local/share/nvim/plugin/auto-save.nvim/plugin/auto-save.lua
182.210  000.750  000.750: sourcing /home/shket/.local/share/nvim/plugin/nvim-treesitter/plugin/nvim-treesitter.lua
182.660  000.243  000.243: require('nvim-treesitter-playground')
182.729  000.360  000.117: sourcing /home/shket/.local/share/nvim/plugin/playground/plugin/nvim-treesitter-playground.lua
183.177  000.073  000.073: sourcing /usr/share/nvim/runtime/plugin/man.lua
183.196  003.794: loading rtp plugins
183.408  000.211: loading packages
183.733  000.028  000.028: sourcing /home/shket/.local/share/nvim/plugin/cmp-nvim-lsp/after/plugin/cmp_nvim_lsp.lua
184.438  000.089  000.089: require('cmp_buffer.timer')
184.450  000.389  000.300: require('cmp_buffer.buffer')
184.484  000.596  000.208: require('cmp_buffer.source')
184.487  000.674  000.078: require('cmp_buffer')
184.531  000.735  000.061: sourcing /home/shket/.local/share/nvim/plugin/cmp-buffer/after/plugin/cmp_buffer.lua
184.932  000.316  000.316: require('cmp_path')
184.949  000.349  000.033: sourcing /home/shket/.local/share/nvim/plugin/cmp-path/after/plugin/cmp_path.lua
185.337  000.303  000.303: require('cmp_cmdline')
185.357  000.340  000.036: sourcing /home/shket/.local/share/nvim/plugin/cmp-cmdline/after/plugin/cmp_cmdline.lua
185.733  000.272  000.272: require('cmp_nvim_lsp_signature_help')
185.751  000.306  000.034: sourcing /home/shket/.local/share/nvim/plugin/cmp-nvim-lsp-signature-help/after/plugin/cmp_nvim_lsp_signature_help.lua
186.086  000.237  000.237: require('cmp_luasnip')
186.130  000.310  000.074: sourcing /home/shket/.local/share/nvim/plugin/cmp_luasnip/after/plugin/cmp_luasnip.lua
186.163  000.687: loading after plugins
186.183  000.020: inits 3
191.812  005.629: reading ShaDa
192.465  000.300  000.300: require('luasnip.loaders.from_lua')
192.808  000.296  000.296: require('luasnip.loaders.from_snipmate')
192.862  000.455: opening buffers
196.796  003.934: BufEnter autocommands
196.808  000.012: editing files in windows
197.420  000.612: VimEnter autocommands
198.026  000.459  000.459: sourcing /home/shket/.local/share/nvim/plugin/firenvim/autoload/firenvim.vim
198.064  000.185: UIEnter autocommands
198.066  000.003: before starting main loop
198.365  000.299: first screen update
198.367  000.002: --- NVIM STARTED ---
