1766560329.401350 client started (5262): version 3.6a, socket /tmp/tmux-1000/default, protocol 8
1766560329.401367 on Linux 6.17.9-arch1-1 #1 SMP PREEMPT_DYNAMIC Mon, 24 Nov 2025 15:21:09 +0000
1766560329.401369 using libevent 2.1.12-stable poll
1766560329.401370 using ncurses 6.5 20240427
1766560329.401377 flags are 0x10010000
1766560329.401382 socket is /tmp/tmux-1000/default
1766560329.401388 trying connect
1766560329.401404 add peer 0x562346387be0: 6 ((nil))
1766560329.401545 sending message 111 to peer 0x562346387be0 (8 bytes)
1766560329.401550 sending message 111 to peer 0x562346387be0 (8 bytes)
1766560329.401551 sending message 101 to peer 0x562346387be0 (14 bytes)
1766560329.401552 sending message 109 to peer 0x562346387be0 (4 bytes)
1766560329.401553 sending message 102 to peer 0x562346387be0 (11 bytes)
1766560329.401554 sending message 108 to peer 0x562346387be0 (25 bytes)
1766560329.401555 sending message 112 to peer 0x562346387be0 (70 bytes)
1766560329.401556 sending message 112 to peer 0x562346387be0 (5 bytes)
1766560329.401558 sending message 112 to peer 0x562346387be0 (5 bytes)
1766560329.401559 sending message 112 to peer 0x562346387be0 (6 bytes)
1766560329.401560 sending message 112 to peer 0x562346387be0 (6 bytes)
1766560329.401561 sending message 112 to peer 0x562346387be0 (11 bytes)
1766560329.401562 sending message 112 to peer 0x562346387be0 (10 bytes)
1766560329.401563 sending message 112 to peer 0x562346387be0 (13 bytes)
1766560329.401564 sending message 112 to peer 0x562346387be0 (13 bytes)
1766560329.401565 sending message 112 to peer 0x562346387be0 (18 bytes)
1766560329.401566 sending message 112 to peer 0x562346387be0 (11 bytes)
1766560329.401567 sending message 112 to peer 0x562346387be0 (10 bytes)
1766560329.401568 sending message 112 to peer 0x562346387be0 (15 bytes)
1766560329.401570 sending message 112 to peer 0x562346387be0 (21 bytes)
1766560329.401571 sending message 112 to peer 0x562346387be0 (13 bytes)
1766560329.401572 sending message 112 to peer 0x562346387be0 (7 bytes)
1766560329.401573 sending message 112 to peer 0x562346387be0 (13 bytes)
1766560329.401574 sending message 112 to peer 0x562346387be0 (7 bytes)
1766560329.401575 sending message 112 to peer 0x562346387be0 (13 bytes)
1766560329.401576 sending message 112 to peer 0x562346387be0 (9 bytes)
1766560329.401577 sending message 112 to peer 0x562346387be0 (21 bytes)
1766560329.401578 sending message 112 to peer 0x562346387be0 (13 bytes)
1766560329.401579 sending message 112 to peer 0x562346387be0 (8 bytes)
1766560329.401580 sending message 112 to peer 0x562346387be0 (12 bytes)
1766560329.401581 sending message 112 to peer 0x562346387be0 (13 bytes)
1766560329.401582 sending message 112 to peer 0x562346387be0 (9 bytes)
1766560329.401583 sending message 112 to peer 0x562346387be0 (9 bytes)
1766560329.401584 sending message 112 to peer 0x562346387be0 (12 bytes)
1766560329.401585 sending message 112 to peer 0x562346387be0 (8 bytes)
1766560329.401587 sending message 112 to peer 0x562346387be0 (8 bytes)
1766560329.401588 sending message 112 to peer 0x562346387be0 (7 bytes)
1766560329.401589 sending message 112 to peer 0x562346387be0 (7 bytes)
1766560329.401590 sending message 112 to peer 0x562346387be0 (9 bytes)
1766560329.401591 sending message 112 to peer 0x562346387be0 (13 bytes)
1766560329.401592 sending message 112 to peer 0x562346387be0 (6 bytes)
1766560329.401593 sending message 112 to peer 0x562346387be0 (9 bytes)
1766560329.401594 sending message 112 to peer 0x562346387be0 (15 bytes)
1766560329.401595 sending message 112 to peer 0x562346387be0 (13 bytes)
1766560329.401596 sending message 112 to peer 0x562346387be0 (12 bytes)
1766560329.401597 sending message 112 to peer 0x562346387be0 (8 bytes)
1766560329.401598 sending message 112 to peer 0x562346387be0 (14 bytes)
1766560329.401599 sending message 112 to peer 0x562346387be0 (11 bytes)
1766560329.401600 sending message 112 to peer 0x562346387be0 (9 bytes)
1766560329.401601 sending message 112 to peer 0x562346387be0 (10 bytes)
1766560329.401602 sending message 112 to peer 0x562346387be0 (10 bytes)
1766560329.401610 sending message 112 to peer 0x562346387be0 (10 bytes)
1766560329.401611 sending message 112 to peer 0x562346387be0 (10 bytes)
1766560329.401612 sending message 112 to peer 0x562346387be0 (11 bytes)
1766560329.401613 sending message 112 to peer 0x562346387be0 (12 bytes)
1766560329.401614 sending message 112 to peer 0x562346387be0 (12 bytes)
1766560329.401615 sending message 112 to peer 0x562346387be0 (12 bytes)
1766560329.401616 sending message 112 to peer 0x562346387be0 (12 bytes)
1766560329.401617 sending message 112 to peer 0x562346387be0 (12 bytes)
1766560329.401619 sending message 112 to peer 0x562346387be0 (11 bytes)
1766560329.401620 sending message 112 to peer 0x562346387be0 (11 bytes)
1766560329.401621 sending message 112 to peer 0x562346387be0 (12 bytes)
1766560329.401622 sending message 112 to peer 0x562346387be0 (12 bytes)
1766560329.401623 sending message 112 to peer 0x562346387be0 (12 bytes)
1766560329.401624 sending message 112 to peer 0x562346387be0 (12 bytes)
1766560329.401625 sending message 112 to peer 0x562346387be0 (12 bytes)
1766560329.401626 sending message 112 to peer 0x562346387be0 (10 bytes)
1766560329.401627 sending message 112 to peer 0x562346387be0 (12 bytes)
1766560329.401628 sending message 112 to peer 0x562346387be0 (13 bytes)
1766560329.401629 sending message 112 to peer 0x562346387be0 (13 bytes)
1766560329.401630 sending message 112 to peer 0x562346387be0 (13 bytes)
1766560329.401631 sending message 112 to peer 0x562346387be0 (13 bytes)
1766560329.401633 sending message 112 to peer 0x562346387be0 (13 bytes)
1766560329.401634 sending message 112 to peer 0x562346387be0 (8 bytes)
1766560329.401635 sending message 112 to peer 0x562346387be0 (11 bytes)
1766560329.401636 sending message 112 to peer 0x562346387be0 (11 bytes)
1766560329.401637 sending message 112 to peer 0x562346387be0 (11 bytes)
1766560329.401638 sending message 112 to peer 0x562346387be0 (12 bytes)
1766560329.401639 sending message 112 to peer 0x562346387be0 (12 bytes)
1766560329.401640 sending message 112 to peer 0x562346387be0 (12 bytes)
1766560329.401641 sending message 112 to peer 0x562346387be0 (12 bytes)
1766560329.401642 sending message 112 to peer 0x562346387be0 (13 bytes)
1766560329.401643 sending message 112 to peer 0x562346387be0 (13 bytes)
1766560329.401644 sending message 112 to peer 0x562346387be0 (13 bytes)
1766560329.401645 sending message 112 to peer 0x562346387be0 (8 bytes)
1766560329.401647 sending message 112 to peer 0x562346387be0 (13 bytes)
1766560329.401648 sending message 112 to peer 0x562346387be0 (13 bytes)
1766560329.401649 sending message 112 to peer 0x562346387be0 (13 bytes)
1766560329.401650 sending message 112 to peer 0x562346387be0 (13 bytes)
1766560329.401651 sending message 112 to peer 0x562346387be0 (13 bytes)
1766560329.401652 sending message 112 to peer 0x562346387be0 (12 bytes)
1766560329.401653 sending message 112 to peer 0x562346387be0 (12 bytes)
1766560329.401654 sending message 112 to peer 0x562346387be0 (12 bytes)
1766560329.401655 sending message 112 to peer 0x562346387be0 (12 bytes)
1766560329.401656 sending message 112 to peer 0x562346387be0 (13 bytes)
1766560329.401657 sending message 112 to peer 0x562346387be0 (8 bytes)
1766560329.401658 sending message 112 to peer 0x562346387be0 (13 bytes)
1766560329.401660 sending message 112 to peer 0x562346387be0 (13 bytes)
1766560329.401661 sending message 112 to peer 0x562346387be0 (13 bytes)
1766560329.401662 sending message 112 to peer 0x562346387be0 (13 bytes)
1766560329.401663 sending message 112 to peer 0x562346387be0 (13 bytes)
1766560329.401664 sending message 112 to peer 0x562346387be0 (13 bytes)
1766560329.401665 sending message 112 to peer 0x562346387be0 (13 bytes)
1766560329.401666 sending message 112 to peer 0x562346387be0 (12 bytes)
1766560329.401667 sending message 112 to peer 0x562346387be0 (12 bytes)
1766560329.401668 sending message 112 to peer 0x562346387be0 (12 bytes)
1766560329.401669 sending message 112 to peer 0x562346387be0 (8 bytes)
1766560329.401670 sending message 112 to peer 0x562346387be0 (12 bytes)
1766560329.401673 sending message 112 to peer 0x562346387be0 (13 bytes)
1766560329.401674 sending message 112 to peer 0x562346387be0 (13 bytes)
1766560329.401675 sending message 112 to peer 0x562346387be0 (13 bytes)
1766560329.401676 sending message 112 to peer 0x562346387be0 (13 bytes)
1766560329.401677 sending message 112 to peer 0x562346387be0 (13 bytes)
1766560329.401679 sending message 112 to peer 0x562346387be0 (13 bytes)
1766560329.401680 sending message 112 to peer 0x562346387be0 (13 bytes)
1766560329.401681 sending message 112 to peer 0x562346387be0 (13 bytes)
1766560329.401682 sending message 112 to peer 0x562346387be0 (12 bytes)
1766560329.401683 sending message 112 to peer 0x562346387be0 (10 bytes)
1766560329.401684 sending message 112 to peer 0x562346387be0 (12 bytes)
1766560329.401685 sending message 112 to peer 0x562346387be0 (12 bytes)
1766560329.401686 sending message 112 to peer 0x562346387be0 (12 bytes)
1766560329.401687 sending message 112 to peer 0x562346387be0 (13 bytes)
1766560329.401688 sending message 112 to peer 0x562346387be0 (13 bytes)
1766560329.401689 sending message 112 to peer 0x562346387be0 (13 bytes)
1766560329.401690 sending message 112 to peer 0x562346387be0 (13 bytes)
1766560329.401691 sending message 112 to peer 0x562346387be0 (13 bytes)
1766560329.401692 sending message 112 to peer 0x562346387be0 (13 bytes)
1766560329.401693 sending message 112 to peer 0x562346387be0 (13 bytes)
1766560329.401695 sending message 112 to peer 0x562346387be0 (10 bytes)
1766560329.401696 sending message 112 to peer 0x562346387be0 (13 bytes)
1766560329.401697 sending message 112 to peer 0x562346387be0 (12 bytes)
1766560329.401698 sending message 112 to peer 0x562346387be0 (12 bytes)
1766560329.401699 sending message 112 to peer 0x562346387be0 (12 bytes)
1766560329.401700 sending message 112 to peer 0x562346387be0 (10 bytes)
1766560329.401701 sending message 112 to peer 0x562346387be0 (10 bytes)
1766560329.401702 sending message 112 to peer 0x562346387be0 (10 bytes)
1766560329.401703 sending message 112 to peer 0x562346387be0 (12 bytes)
1766560329.401704 sending message 112 to peer 0x562346387be0 (13 bytes)
1766560329.401705 sending message 112 to peer 0x562346387be0 (13 bytes)
1766560329.401706 sending message 112 to peer 0x562346387be0 (13 bytes)
1766560329.401707 sending message 112 to peer 0x562346387be0 (13 bytes)
1766560329.401708 sending message 112 to peer 0x562346387be0 (13 bytes)
1766560329.401709 sending message 112 to peer 0x562346387be0 (11 bytes)
1766560329.401711 sending message 112 to peer 0x562346387be0 (11 bytes)
1766560329.401712 sending message 112 to peer 0x562346387be0 (12 bytes)
1766560329.401713 sending message 112 to peer 0x562346387be0 (12 bytes)
1766560329.401714 sending message 112 to peer 0x562346387be0 (12 bytes)
1766560329.401715 sending message 112 to peer 0x562346387be0 (12 bytes)
1766560329.401716 sending message 112 to peer 0x562346387be0 (12 bytes)
1766560329.401717 sending message 112 to peer 0x562346387be0 (11 bytes)
1766560329.401718 sending message 112 to peer 0x562346387be0 (12 bytes)
1766560329.401719 sending message 112 to peer 0x562346387be0 (12 bytes)
1766560329.401720 sending message 112 to peer 0x562346387be0 (13 bytes)
1766560329.401721 sending message 112 to peer 0x562346387be0 (13 bytes)
1766560329.401722 sending message 112 to peer 0x562346387be0 (13 bytes)
1766560329.401724 sending message 112 to peer 0x562346387be0 (13 bytes)
1766560329.401725 sending message 112 to peer 0x562346387be0 (13 bytes)
1766560329.401726 sending message 112 to peer 0x562346387be0 (10 bytes)
1766560329.401727 sending message 112 to peer 0x562346387be0 (9 bytes)
1766560329.401728 sending message 112 to peer 0x562346387be0 (12 bytes)
1766560329.401729 sending message 112 to peer 0x562346387be0 (13 bytes)
1766560329.401730 sending message 112 to peer 0x562346387be0 (13 bytes)
1766560329.401731 sending message 112 to peer 0x562346387be0 (13 bytes)
1766560329.401732 sending message 112 to peer 0x562346387be0 (13 bytes)
1766560329.401733 sending message 112 to peer 0x562346387be0 (13 bytes)
1766560329.401736 sending message 112 to peer 0x562346387be0 (9 bytes)
1766560329.401737 sending message 112 to peer 0x562346387be0 (12 bytes)
1766560329.401738 sending message 112 to peer 0x562346387be0 (13 bytes)
1766560329.401739 sending message 112 to peer 0x562346387be0 (13 bytes)
1766560329.401740 sending message 112 to peer 0x562346387be0 (13 bytes)
1766560329.401741 sending message 112 to peer 0x562346387be0 (13 bytes)
1766560329.401742 sending message 112 to peer 0x562346387be0 (13 bytes)
1766560329.401743 sending message 112 to peer 0x562346387be0 (11 bytes)
1766560329.401745 sending message 112 to peer 0x562346387be0 (12 bytes)
1766560329.401746 sending message 112 to peer 0x562346387be0 (13 bytes)
1766560329.401747 sending message 112 to peer 0x562346387be0 (13 bytes)
1766560329.401748 sending message 112 to peer 0x562346387be0 (13 bytes)
1766560329.401749 sending message 112 to peer 0x562346387be0 (13 bytes)
1766560329.401750 sending message 112 to peer 0x562346387be0 (13 bytes)
1766560329.401751 sending message 112 to peer 0x562346387be0 (11 bytes)
1766560329.401752 sending message 112 to peer 0x562346387be0 (12 bytes)
1766560329.401753 sending message 112 to peer 0x562346387be0 (12 bytes)
1766560329.401754 sending message 112 to peer 0x562346387be0 (12 bytes)
1766560329.401755 sending message 112 to peer 0x562346387be0 (12 bytes)
1766560329.401756 sending message 112 to peer 0x562346387be0 (12 bytes)
1766560329.401757 sending message 112 to peer 0x562346387be0 (21 bytes)
1766560329.401758 sending message 112 to peer 0x562346387be0 (12 bytes)
1766560329.401760 sending message 112 to peer 0x562346387be0 (9 bytes)
1766560329.401761 sending message 112 to peer 0x562346387be0 (6 bytes)
1766560329.401762 sending message 112 to peer 0x562346387be0 (13 bytes)
1766560329.401763 sending message 112 to peer 0x562346387be0 (8 bytes)
1766560329.401764 sending message 112 to peer 0x562346387be0 (15 bytes)
1766560329.401765 sending message 112 to peer 0x562346387be0 (13 bytes)
1766560329.401766 sending message 112 to peer 0x562346387be0 (9 bytes)
1766560329.401767 sending message 112 to peer 0x562346387be0 (70 bytes)
1766560329.401768 sending message 112 to peer 0x562346387be0 (69 bytes)
1766560329.401774 sending message 112 to peer 0x562346387be0 (10 bytes)
1766560329.401775 sending message 112 to peer 0x562346387be0 (10 bytes)
1766560329.401776 sending message 112 to peer 0x562346387be0 (8 bytes)
1766560329.401777 sending message 112 to peer 0x562346387be0 (15 bytes)
1766560329.401779 sending message 112 to peer 0x562346387be0 (13 bytes)
1766560329.401781 sending message 112 to peer 0x562346387be0 (10 bytes)
1766560329.401782 sending message 112 to peer 0x562346387be0 (10 bytes)
1766560329.401783 sending message 112 to peer 0x562346387be0 (17 bytes)
1766560329.401784 sending message 112 to peer 0x562346387be0 (10 bytes)
1766560329.401785 sending message 112 to peer 0x562346387be0 (13 bytes)
1766560329.401786 sending message 112 to peer 0x562346387be0 (9 bytes)
1766560329.401787 sending message 112 to peer 0x562346387be0 (5 bytes)
1766560329.401788 sending message 112 to peer 0x562346387be0 (15 bytes)
1766560329.401789 sending message 104 to peer 0x562346387be0 (0 bytes)
1766560329.401791 sending message 110 to peer 0x562346387be0 (0 bytes)
1766560329.401792 sending message 107 to peer 0x562346387be0 (4 bytes)
1766560329.401793 sending message 105 to peer 0x562346387be0 (38 bytes)
1766560329.401794 sending message 105 to peer 0x562346387be0 (62 bytes)
1766560329.401795 sending message 105 to peer 0x562346387be0 (35 bytes)
1766560329.401797 sending message 105 to peer 0x562346387be0 (20 bytes)
1766560329.401798 sending message 105 to peer 0x562346387be0 (20 bytes)
1766560329.401799 sending message 105 to peer 0x562346387be0 (94 bytes)
1766560329.401800 sending message 105 to peer 0x562346387be0 (50 bytes)
1766560329.401801 sending message 105 to peer 0x562346387be0 (11 bytes)
1766560329.401802 sending message 105 to peer 0x562346387be0 (63 bytes)
1766560329.401803 sending message 105 to peer 0x562346387be0 (25 bytes)
1766560329.401806 sending message 105 to peer 0x562346387be0 (22 bytes)
1766560329.401807 sending message 105 to peer 0x562346387be0 (86 bytes)
1766560329.401808 sending message 105 to peer 0x562346387be0 (73 bytes)
1766560329.401809 sending message 105 to peer 0x562346387be0 (15 bytes)
1766560329.401810 sending message 105 to peer 0x562346387be0 (17 bytes)
1766560329.401811 sending message 105 to peer 0x562346387be0 (43 bytes)
1766560329.401812 sending message 105 to peer 0x562346387be0 (28 bytes)
1766560329.401814 sending message 105 to peer 0x562346387be0 (22 bytes)
1766560329.401815 sending message 105 to peer 0x562346387be0 (21 bytes)
1766560329.401816 sending message 105 to peer 0x562346387be0 (22 bytes)
1766560329.401817 sending message 105 to peer 0x562346387be0 (13 bytes)
1766560329.401818 sending message 105 to peer 0x562346387be0 (17 bytes)
1766560329.401819 sending message 105 to peer 0x562346387be0 (23 bytes)
1766560329.401820 sending message 105 to peer 0x562346387be0 (27 bytes)
1766560329.401821 sending message 105 to peer 0x562346387be0 (24 bytes)
1766560329.401822 sending message 105 to peer 0x562346387be0 (20 bytes)
1766560329.401823 sending message 105 to peer 0x562346387be0 (23 bytes)
1766560329.401825 sending message 105 to peer 0x562346387be0 (21 bytes)
1766560329.401826 sending message 105 to peer 0x562346387be0 (25 bytes)
1766560329.401827 sending message 105 to peer 0x562346387be0 (20 bytes)
1766560329.401828 sending message 105 to peer 0x562346387be0 (14 bytes)
1766560329.401829 sending message 105 to peer 0x562346387be0 (1917 bytes)
1766560329.401836 sending message 105 to peer 0x562346387be0 (46 bytes)
1766560329.401837 sending message 105 to peer 0x562346387be0 (136 bytes)
1766560329.401838 sending message 105 to peer 0x562346387be0 (27 bytes)
1766560329.401839 sending message 105 to peer 0x562346387be0 (20 bytes)
1766560329.401841 sending message 105 to peer 0x562346387be0 (15 bytes)
1766560329.401842 sending message 105 to peer 0x562346387be0 (38 bytes)
1766560329.401843 sending message 105 to peer 0x562346387be0 (24 bytes)
1766560329.401844 sending message 105 to peer 0x562346387be0 (32 bytes)
1766560329.401845 sending message 105 to peer 0x562346387be0 (168 bytes)
1766560329.401846 sending message 105 to peer 0x562346387be0 (29 bytes)
1766560329.401847 sending message 105 to peer 0x562346387be0 (23 bytes)
1766560329.401848 sending message 105 to peer 0x562346387be0 (76 bytes)
1766560329.401849 sending message 105 to peer 0x562346387be0 (15 bytes)
1766560329.401851 sending message 105 to peer 0x562346387be0 (8 bytes)
1766560329.401852 sending message 105 to peer 0x562346387be0 (19 bytes)
1766560329.401853 sending message 105 to peer 0x562346387be0 (18 bytes)
1766560329.401854 sending message 105 to peer 0x562346387be0 (26 bytes)
1766560329.401855 sending message 105 to peer 0x562346387be0 (35 bytes)
1766560329.401856 sending message 105 to peer 0x562346387be0 (13 bytes)
1766560329.401857 sending message 105 to peer 0x562346387be0 (11 bytes)
1766560329.401858 sending message 105 to peer 0x562346387be0 (26 bytes)
1766560329.401859 sending message 105 to peer 0x562346387be0 (24 bytes)
1766560329.401860 sending message 105 to peer 0x562346387be0 (39 bytes)
1766560329.401862 sending message 105 to peer 0x562346387be0 (57 bytes)
1766560329.401863 sending message 105 to peer 0x562346387be0 (24 bytes)
1766560329.401864 sending message 105 to peer 0x562346387be0 (24 bytes)
1766560329.401865 sending message 105 to peer 0x562346387be0 (31 bytes)
1766560329.401866 sending message 105 to peer 0x562346387be0 (15 bytes)
1766560329.401867 sending message 105 to peer 0x562346387be0 (23 bytes)
1766560329.401868 sending message 105 to peer 0x562346387be0 (17 bytes)
1766560329.401869 sending message 105 to peer 0x562346387be0 (25 bytes)
1766560329.401870 sending message 105 to peer 0x562346387be0 (11 bytes)
1766560329.401872 sending message 105 to peer 0x562346387be0 (32 bytes)
1766560329.401873 sending message 105 to peer 0x562346387be0 (12 bytes)
1766560329.401874 sending message 105 to peer 0x562346387be0 (30 bytes)
1766560329.401876 sending message 105 to peer 0x562346387be0 (13 bytes)
1766560329.401878 sending message 106 to peer 0x562346387be0 (0 bytes)
1766560329.401901 sending message 200 to peer 0x562346387be0 (4 bytes)
1766560329.401902 client loop enter
1766560329.402088 peer 0x562346387be0 message 303
1766560329.402092 open write file 2 -
1766560329.402096 sending message 305 to peer 0x562346387be0 (8 bytes)
1766560329.402099 write check file 2
1766560329.402123 peer 0x562346387be0 message 304
1766560329.402125 write 58 to file 2
1766560329.402133 peer 0x562346387be0 message 203
1766560329.402134 file 2 58 bytes left
1766560329.402140 write check file 2
1766560329.402141 client loop exit
